root@cloudinit:~/cobbler# make install
# Debian/Ubuntu requires an additional parameter in setup.py
running install
running build
running build_py
running build_scripts
running build_man
Running Sphinx v1.8.5
loading translations [en]... done
loading pickled environment... done
building [mo]: targets for 0 po files that are out of date
building [man]: all manpages
updating environment: 0 added, 0 changed, 0 removed
looking for now-outdated files... none found
writing... cobbler.1 { } /root/cobbler/docs/cobbler.rst:: WARNING: "table cell spanning" not supported
/root/cobbler/docs/cobbler.rst:: WARNING: "table cell spanning" not supported
/root/cobbler/docs/cobbler.rst:: WARNING: "table cell spanning" not supported
/root/cobbler/docs/cobbler.rst:: WARNING: "table cell spanning" not supported
/root/cobbler/docs/cobbler.rst:: WARNING: "table cell spanning" not supported
/root/cobbler/docs/cobbler.rst:: WARNING: "table cell spanning" not supported
/root/cobbler/docs/cobbler.rst:: WARNING: "table cell spanning" not supported
/root/cobbler/docs/cobbler.rst:: WARNING: "table cell spanning" not supported
/root/cobbler/docs/cobbler.rst:: WARNING: "table cell spanning" not supported
/root/cobbler/docs/cobbler.rst:: WARNING: "table cell spanning" not supported
/root/cobbler/docs/cobbler.rst:: WARNING: "table cell spanning" not supported
/root/cobbler/docs/cobbler.rst:: WARNING: "table cell spanning" not supported
/root/cobbler/docs/cobbler.rst:: WARNING: "table cell spanning" not supported
/root/cobbler/docs/cobbler.rst:: WARNING: "table cell spanning" not supported
/root/cobbler/docs/cobbler.rst:: WARNING: "table cell spanning" not supported
/root/cobbler/docs/cobbler.rst:: WARNING: "table cell spanning" not supported
cobblerd.8 { } cobbler.conf.5 { } 
build succeeded, 16 warnings.

The manual pages are in build/sphinx/man.
running build_cfg
running install_lib
copying build/lib/cobbler/module_loader.py -> /usr/local/lib/python3.8/dist-packages/cobbler
copying build/lib/cobbler/tftpgen.py -> /usr/local/lib/python3.8/dist-packages/cobbler
copying build/lib/cobbler/remote.py -> /usr/local/lib/python3.8/dist-packages/cobbler
copying build/lib/cobbler/download_manager.py -> /usr/local/lib/python3.8/dist-packages/cobbler
copying build/lib/cobbler/utils.py -> /usr/local/lib/python3.8/dist-packages/cobbler
copying build/lib/cobbler/grub.py -> /usr/local/lib/python3.8/dist-packages/cobbler
copying build/lib/cobbler/validate.py -> /usr/local/lib/python3.8/dist-packages/cobbler
copying build/lib/cobbler/cobblerd.py -> /usr/local/lib/python3.8/dist-packages/cobbler
copying build/lib/cobbler/template_api.py -> /usr/local/lib/python3.8/dist-packages/cobbler
copying build/lib/cobbler/items/mgmtclass.py -> /usr/local/lib/python3.8/dist-packages/cobbler/items
copying build/lib/cobbler/items/system.py -> /usr/local/lib/python3.8/dist-packages/cobbler/items
copying build/lib/cobbler/items/profile.py -> /usr/local/lib/python3.8/dist-packages/cobbler/items
copying build/lib/cobbler/items/item.py -> /usr/local/lib/python3.8/dist-packages/cobbler/items
copying build/lib/cobbler/items/package.py -> /usr/local/lib/python3.8/dist-packages/cobbler/items
copying build/lib/cobbler/items/image.py -> /usr/local/lib/python3.8/dist-packages/cobbler/items
copying build/lib/cobbler/items/__init__.py -> /usr/local/lib/python3.8/dist-packages/cobbler/items
copying build/lib/cobbler/items/file.py -> /usr/local/lib/python3.8/dist-packages/cobbler/items
copying build/lib/cobbler/items/repo.py -> /usr/local/lib/python3.8/dist-packages/cobbler/items
copying build/lib/cobbler/items/distro.py -> /usr/local/lib/python3.8/dist-packages/cobbler/items
copying build/lib/cobbler/web/views.py -> /usr/local/lib/python3.8/dist-packages/cobbler/web
copying build/lib/cobbler/web/field_ui_info.py -> /usr/local/lib/python3.8/dist-packages/cobbler/web
copying build/lib/cobbler/web/manage.py -> /usr/local/lib/python3.8/dist-packages/cobbler/web
copying build/lib/cobbler/web/urls.py -> /usr/local/lib/python3.8/dist-packages/cobbler/web
copying build/lib/cobbler/web/settings.py -> /usr/local/lib/python3.8/dist-packages/cobbler/web
copying build/lib/cobbler/web/__init__.py -> /usr/local/lib/python3.8/dist-packages/cobbler/web
copying build/lib/cobbler/web/templatetags/site.py -> /usr/local/lib/python3.8/dist-packages/cobbler/web/templatetags
copying build/lib/cobbler/web/templatetags/__init__.py -> /usr/local/lib/python3.8/dist-packages/cobbler/web/templatetags
copying build/lib/cobbler/modules/managers/isc.py -> /usr/local/lib/python3.8/dist-packages/cobbler/modules/managers
copying build/lib/cobbler/modules/managers/import_signatures.py -> /usr/local/lib/python3.8/dist-packages/cobbler/modules/managers
copying build/lib/cobbler/modules/managers/tftpd_py.py -> /usr/local/lib/python3.8/dist-packages/cobbler/modules/managers
copying build/lib/cobbler/modules/managers/genders.py -> /usr/local/lib/python3.8/dist-packages/cobbler/modules/managers
copying build/lib/cobbler/modules/managers/bind.py -> /usr/local/lib/python3.8/dist-packages/cobbler/modules/managers
copying build/lib/cobbler/modules/managers/dnsmasq.py -> /usr/local/lib/python3.8/dist-packages/cobbler/modules/managers
copying build/lib/cobbler/modules/managers/in_tftpd.py -> /usr/local/lib/python3.8/dist-packages/cobbler/modules/managers
copying build/lib/cobbler/modules/managers/ndjbdns.py -> /usr/local/lib/python3.8/dist-packages/cobbler/modules/managers
copying build/lib/cobbler/modules/managers/__init__.py -> /usr/local/lib/python3.8/dist-packages/cobbler/modules/managers
copying build/lib/cobbler/modules/scm_track.py -> /usr/local/lib/python3.8/dist-packages/cobbler/modules
copying build/lib/cobbler/modules/serializers/mongodb.py -> /usr/local/lib/python3.8/dist-packages/cobbler/modules/serializers
copying build/lib/cobbler/modules/serializers/__init__.py -> /usr/local/lib/python3.8/dist-packages/cobbler/modules/serializers
copying build/lib/cobbler/modules/serializers/file.py -> /usr/local/lib/python3.8/dist-packages/cobbler/modules/serializers
copying build/lib/cobbler/modules/installation/post_log.py -> /usr/local/lib/python3.8/dist-packages/cobbler/modules/installation
copying build/lib/cobbler/modules/installation/post_puppet.py -> /usr/local/lib/python3.8/dist-packages/cobbler/modules/installation
copying build/lib/cobbler/modules/installation/post_power.py -> /usr/local/lib/python3.8/dist-packages/cobbler/modules/installation
copying build/lib/cobbler/modules/installation/pre_log.py -> /usr/local/lib/python3.8/dist-packages/cobbler/modules/installation
copying build/lib/cobbler/modules/installation/pre_clear_anamon_logs.py -> /usr/local/lib/python3.8/dist-packages/cobbler/modules/installation
copying build/lib/cobbler/modules/installation/post_report.py -> /usr/local/lib/python3.8/dist-packages/cobbler/modules/installation
copying build/lib/cobbler/modules/installation/__init__.py -> /usr/local/lib/python3.8/dist-packages/cobbler/modules/installation
copying build/lib/cobbler/modules/installation/pre_puppet.py -> /usr/local/lib/python3.8/dist-packages/cobbler/modules/installation
copying build/lib/cobbler/modules/nsupdate_add_system_post.py -> /usr/local/lib/python3.8/dist-packages/cobbler/modules
copying build/lib/cobbler/modules/nsupdate_delete_system_pre.py -> /usr/local/lib/python3.8/dist-packages/cobbler/modules
copying build/lib/cobbler/modules/__init__.py -> /usr/local/lib/python3.8/dist-packages/cobbler/modules
copying build/lib/cobbler/modules/sync_post_restart_services.py -> /usr/local/lib/python3.8/dist-packages/cobbler/modules
copying build/lib/cobbler/modules/sync_post_wingen.py -> /usr/local/lib/python3.8/dist-packages/cobbler/modules
copying build/lib/cobbler/modules/authentication/denyall.py -> /usr/local/lib/python3.8/dist-packages/cobbler/modules/authentication
copying build/lib/cobbler/modules/authentication/passthru.py -> /usr/local/lib/python3.8/dist-packages/cobbler/modules/authentication
copying build/lib/cobbler/modules/authentication/configfile.py -> /usr/local/lib/python3.8/dist-packages/cobbler/modules/authentication
copying build/lib/cobbler/modules/authentication/pam.py -> /usr/local/lib/python3.8/dist-packages/cobbler/modules/authentication
copying build/lib/cobbler/modules/authentication/spacewalk.py -> /usr/local/lib/python3.8/dist-packages/cobbler/modules/authentication
copying build/lib/cobbler/modules/authentication/testing.py -> /usr/local/lib/python3.8/dist-packages/cobbler/modules/authentication
copying build/lib/cobbler/modules/authentication/__init__.py -> /usr/local/lib/python3.8/dist-packages/cobbler/modules/authentication
copying build/lib/cobbler/modules/authentication/ldap.py -> /usr/local/lib/python3.8/dist-packages/cobbler/modules/authentication
copying build/lib/cobbler/modules/authorization/configfile.py -> /usr/local/lib/python3.8/dist-packages/cobbler/modules/authorization
copying build/lib/cobbler/modules/authorization/ownership.py -> /usr/local/lib/python3.8/dist-packages/cobbler/modules/authorization
copying build/lib/cobbler/modules/authorization/__init__.py -> /usr/local/lib/python3.8/dist-packages/cobbler/modules/authorization
copying build/lib/cobbler/modules/authorization/allowall.py -> /usr/local/lib/python3.8/dist-packages/cobbler/modules/authorization
copying build/lib/cobbler/clogger.py -> /usr/local/lib/python3.8/dist-packages/cobbler
copying build/lib/cobbler/autoinstallgen.py -> /usr/local/lib/python3.8/dist-packages/cobbler
copying build/lib/cobbler/cli.py -> /usr/local/lib/python3.8/dist-packages/cobbler
copying build/lib/cobbler/power_manager.py -> /usr/local/lib/python3.8/dist-packages/cobbler
copying build/lib/cobbler/cexceptions.py -> /usr/local/lib/python3.8/dist-packages/cobbler
copying build/lib/cobbler/resource.py -> /usr/local/lib/python3.8/dist-packages/cobbler
copying build/lib/cobbler/serializer.py -> /usr/local/lib/python3.8/dist-packages/cobbler
copying build/lib/cobbler/configgen.py -> /usr/local/lib/python3.8/dist-packages/cobbler
copying build/lib/cobbler/yumgen.py -> /usr/local/lib/python3.8/dist-packages/cobbler
copying build/lib/cobbler/settings.py -> /usr/local/lib/python3.8/dist-packages/cobbler
copying build/lib/cobbler/field_info.py -> /usr/local/lib/python3.8/dist-packages/cobbler
copying build/lib/cobbler/autoinstall_manager.py -> /usr/local/lib/python3.8/dist-packages/cobbler
copying build/lib/cobbler/__init__.py -> /usr/local/lib/python3.8/dist-packages/cobbler
copying build/lib/cobbler/actions/acl.py -> /usr/local/lib/python3.8/dist-packages/cobbler/actions
copying build/lib/cobbler/actions/sync.py -> /usr/local/lib/python3.8/dist-packages/cobbler/actions
copying build/lib/cobbler/actions/hardlink.py -> /usr/local/lib/python3.8/dist-packages/cobbler/actions
copying build/lib/cobbler/actions/check.py -> /usr/local/lib/python3.8/dist-packages/cobbler/actions
copying build/lib/cobbler/actions/dlcontent.py -> /usr/local/lib/python3.8/dist-packages/cobbler/actions
copying build/lib/cobbler/actions/litesync.py -> /usr/local/lib/python3.8/dist-packages/cobbler/actions
copying build/lib/cobbler/actions/status.py -> /usr/local/lib/python3.8/dist-packages/cobbler/actions
copying build/lib/cobbler/actions/replicate.py -> /usr/local/lib/python3.8/dist-packages/cobbler/actions
copying build/lib/cobbler/actions/report.py -> /usr/local/lib/python3.8/dist-packages/cobbler/actions
copying build/lib/cobbler/actions/log.py -> /usr/local/lib/python3.8/dist-packages/cobbler/actions
copying build/lib/cobbler/actions/reposync.py -> /usr/local/lib/python3.8/dist-packages/cobbler/actions
copying build/lib/cobbler/actions/__init__.py -> /usr/local/lib/python3.8/dist-packages/cobbler/actions
copying build/lib/cobbler/actions/buildiso.py -> /usr/local/lib/python3.8/dist-packages/cobbler/actions
copying build/lib/cobbler/api.py -> /usr/local/lib/python3.8/dist-packages/cobbler
copying build/lib/cobbler/cobbler_collections/systems.py -> /usr/local/lib/python3.8/dist-packages/cobbler/cobbler_collections
copying build/lib/cobbler/cobbler_collections/images.py -> /usr/local/lib/python3.8/dist-packages/cobbler/cobbler_collections
copying build/lib/cobbler/cobbler_collections/distros.py -> /usr/local/lib/python3.8/dist-packages/cobbler/cobbler_collections
copying build/lib/cobbler/cobbler_collections/mgmtclasses.py -> /usr/local/lib/python3.8/dist-packages/cobbler/cobbler_collections
copying build/lib/cobbler/cobbler_collections/manager.py -> /usr/local/lib/python3.8/dist-packages/cobbler/cobbler_collections
copying build/lib/cobbler/cobbler_collections/repos.py -> /usr/local/lib/python3.8/dist-packages/cobbler/cobbler_collections
copying build/lib/cobbler/cobbler_collections/__init__.py -> /usr/local/lib/python3.8/dist-packages/cobbler/cobbler_collections
copying build/lib/cobbler/cobbler_collections/packages.py -> /usr/local/lib/python3.8/dist-packages/cobbler/cobbler_collections
copying build/lib/cobbler/cobbler_collections/collection.py -> /usr/local/lib/python3.8/dist-packages/cobbler/cobbler_collections
copying build/lib/cobbler/cobbler_collections/profiles.py -> /usr/local/lib/python3.8/dist-packages/cobbler/cobbler_collections
copying build/lib/cobbler/cobbler_collections/files.py -> /usr/local/lib/python3.8/dist-packages/cobbler/cobbler_collections
copying build/lib/cobbler/templar.py -> /usr/local/lib/python3.8/dist-packages/cobbler
copying build/lib/cobbler/services.py -> /usr/local/lib/python3.8/dist-packages/cobbler
byte-compiling /usr/local/lib/python3.8/dist-packages/cobbler/module_loader.py to module_loader.cpython-38.pyc
byte-compiling /usr/local/lib/python3.8/dist-packages/cobbler/tftpgen.py to tftpgen.cpython-38.pyc
byte-compiling /usr/local/lib/python3.8/dist-packages/cobbler/remote.py to remote.cpython-38.pyc
byte-compiling /usr/local/lib/python3.8/dist-packages/cobbler/download_manager.py to download_manager.cpython-38.pyc
byte-compiling /usr/local/lib/python3.8/dist-packages/cobbler/utils.py to utils.cpython-38.pyc
byte-compiling /usr/local/lib/python3.8/dist-packages/cobbler/grub.py to grub.cpython-38.pyc
byte-compiling /usr/local/lib/python3.8/dist-packages/cobbler/validate.py to validate.cpython-38.pyc
byte-compiling /usr/local/lib/python3.8/dist-packages/cobbler/cobblerd.py to cobblerd.cpython-38.pyc
byte-compiling /usr/local/lib/python3.8/dist-packages/cobbler/template_api.py to template_api.cpython-38.pyc
byte-compiling /usr/local/lib/python3.8/dist-packages/cobbler/items/mgmtclass.py to mgmtclass.cpython-38.pyc
byte-compiling /usr/local/lib/python3.8/dist-packages/cobbler/items/system.py to system.cpython-38.pyc
byte-compiling /usr/local/lib/python3.8/dist-packages/cobbler/items/profile.py to profile.cpython-38.pyc
byte-compiling /usr/local/lib/python3.8/dist-packages/cobbler/items/item.py to item.cpython-38.pyc
byte-compiling /usr/local/lib/python3.8/dist-packages/cobbler/items/package.py to package.cpython-38.pyc
byte-compiling /usr/local/lib/python3.8/dist-packages/cobbler/items/image.py to image.cpython-38.pyc
byte-compiling /usr/local/lib/python3.8/dist-packages/cobbler/items/__init__.py to __init__.cpython-38.pyc
byte-compiling /usr/local/lib/python3.8/dist-packages/cobbler/items/file.py to file.cpython-38.pyc
byte-compiling /usr/local/lib/python3.8/dist-packages/cobbler/items/repo.py to repo.cpython-38.pyc
byte-compiling /usr/local/lib/python3.8/dist-packages/cobbler/items/distro.py to distro.cpython-38.pyc
byte-compiling /usr/local/lib/python3.8/dist-packages/cobbler/web/views.py to views.cpython-38.pyc
byte-compiling /usr/local/lib/python3.8/dist-packages/cobbler/web/field_ui_info.py to field_ui_info.cpython-38.pyc
byte-compiling /usr/local/lib/python3.8/dist-packages/cobbler/web/manage.py to manage.cpython-38.pyc
byte-compiling /usr/local/lib/python3.8/dist-packages/cobbler/web/urls.py to urls.cpython-38.pyc
byte-compiling /usr/local/lib/python3.8/dist-packages/cobbler/web/settings.py to settings.cpython-38.pyc
byte-compiling /usr/local/lib/python3.8/dist-packages/cobbler/web/__init__.py to __init__.cpython-38.pyc
byte-compiling /usr/local/lib/python3.8/dist-packages/cobbler/web/templatetags/site.py to site.cpython-38.pyc
byte-compiling /usr/local/lib/python3.8/dist-packages/cobbler/web/templatetags/__init__.py to __init__.cpython-38.pyc
byte-compiling /usr/local/lib/python3.8/dist-packages/cobbler/modules/managers/isc.py to isc.cpython-38.pyc
byte-compiling /usr/local/lib/python3.8/dist-packages/cobbler/modules/managers/import_signatures.py to import_signatures.cpython-38.pyc
byte-compiling /usr/local/lib/python3.8/dist-packages/cobbler/modules/managers/tftpd_py.py to tftpd_py.cpython-38.pyc
byte-compiling /usr/local/lib/python3.8/dist-packages/cobbler/modules/managers/genders.py to genders.cpython-38.pyc
byte-compiling /usr/local/lib/python3.8/dist-packages/cobbler/modules/managers/bind.py to bind.cpython-38.pyc
byte-compiling /usr/local/lib/python3.8/dist-packages/cobbler/modules/managers/dnsmasq.py to dnsmasq.cpython-38.pyc
byte-compiling /usr/local/lib/python3.8/dist-packages/cobbler/modules/managers/in_tftpd.py to in_tftpd.cpython-38.pyc
byte-compiling /usr/local/lib/python3.8/dist-packages/cobbler/modules/managers/ndjbdns.py to ndjbdns.cpython-38.pyc
byte-compiling /usr/local/lib/python3.8/dist-packages/cobbler/modules/managers/__init__.py to __init__.cpython-38.pyc
byte-compiling /usr/local/lib/python3.8/dist-packages/cobbler/modules/scm_track.py to scm_track.cpython-38.pyc
byte-compiling /usr/local/lib/python3.8/dist-packages/cobbler/modules/serializers/mongodb.py to mongodb.cpython-38.pyc
byte-compiling /usr/local/lib/python3.8/dist-packages/cobbler/modules/serializers/__init__.py to __init__.cpython-38.pyc
byte-compiling /usr/local/lib/python3.8/dist-packages/cobbler/modules/serializers/file.py to file.cpython-38.pyc
byte-compiling /usr/local/lib/python3.8/dist-packages/cobbler/modules/installation/post_log.py to post_log.cpython-38.pyc
byte-compiling /usr/local/lib/python3.8/dist-packages/cobbler/modules/installation/post_puppet.py to post_puppet.cpython-38.pyc
byte-compiling /usr/local/lib/python3.8/dist-packages/cobbler/modules/installation/post_power.py to post_power.cpython-38.pyc
byte-compiling /usr/local/lib/python3.8/dist-packages/cobbler/modules/installation/pre_log.py to pre_log.cpython-38.pyc
byte-compiling /usr/local/lib/python3.8/dist-packages/cobbler/modules/installation/pre_clear_anamon_logs.py to pre_clear_anamon_logs.cpython-38.pyc
byte-compiling /usr/local/lib/python3.8/dist-packages/cobbler/modules/installation/post_report.py to post_report.cpython-38.pyc
byte-compiling /usr/local/lib/python3.8/dist-packages/cobbler/modules/installation/__init__.py to __init__.cpython-38.pyc
byte-compiling /usr/local/lib/python3.8/dist-packages/cobbler/modules/installation/pre_puppet.py to pre_puppet.cpython-38.pyc
byte-compiling /usr/local/lib/python3.8/dist-packages/cobbler/modules/nsupdate_add_system_post.py to nsupdate_add_system_post.cpython-38.pyc
byte-compiling /usr/local/lib/python3.8/dist-packages/cobbler/modules/nsupdate_delete_system_pre.py to nsupdate_delete_system_pre.cpython-38.pyc
byte-compiling /usr/local/lib/python3.8/dist-packages/cobbler/modules/__init__.py to __init__.cpython-38.pyc
byte-compiling /usr/local/lib/python3.8/dist-packages/cobbler/modules/sync_post_restart_services.py to sync_post_restart_services.cpython-38.pyc
byte-compiling /usr/local/lib/python3.8/dist-packages/cobbler/modules/sync_post_wingen.py to sync_post_wingen.cpython-38.pyc
byte-compiling /usr/local/lib/python3.8/dist-packages/cobbler/modules/authentication/denyall.py to denyall.cpython-38.pyc
byte-compiling /usr/local/lib/python3.8/dist-packages/cobbler/modules/authentication/passthru.py to passthru.cpython-38.pyc
byte-compiling /usr/local/lib/python3.8/dist-packages/cobbler/modules/authentication/configfile.py to configfile.cpython-38.pyc
byte-compiling /usr/local/lib/python3.8/dist-packages/cobbler/modules/authentication/pam.py to pam.cpython-38.pyc
byte-compiling /usr/local/lib/python3.8/dist-packages/cobbler/modules/authentication/spacewalk.py to spacewalk.cpython-38.pyc
byte-compiling /usr/local/lib/python3.8/dist-packages/cobbler/modules/authentication/testing.py to testing.cpython-38.pyc
byte-compiling /usr/local/lib/python3.8/dist-packages/cobbler/modules/authentication/__init__.py to __init__.cpython-38.pyc
byte-compiling /usr/local/lib/python3.8/dist-packages/cobbler/modules/authentication/ldap.py to ldap.cpython-38.pyc
byte-compiling /usr/local/lib/python3.8/dist-packages/cobbler/modules/authorization/configfile.py to configfile.cpython-38.pyc
byte-compiling /usr/local/lib/python3.8/dist-packages/cobbler/modules/authorization/ownership.py to ownership.cpython-38.pyc
byte-compiling /usr/local/lib/python3.8/dist-packages/cobbler/modules/authorization/__init__.py to __init__.cpython-38.pyc
byte-compiling /usr/local/lib/python3.8/dist-packages/cobbler/modules/authorization/allowall.py to allowall.cpython-38.pyc
byte-compiling /usr/local/lib/python3.8/dist-packages/cobbler/clogger.py to clogger.cpython-38.pyc
byte-compiling /usr/local/lib/python3.8/dist-packages/cobbler/autoinstallgen.py to autoinstallgen.cpython-38.pyc
byte-compiling /usr/local/lib/python3.8/dist-packages/cobbler/cli.py to cli.cpython-38.pyc
byte-compiling /usr/local/lib/python3.8/dist-packages/cobbler/power_manager.py to power_manager.cpython-38.pyc
byte-compiling /usr/local/lib/python3.8/dist-packages/cobbler/cexceptions.py to cexceptions.cpython-38.pyc
byte-compiling /usr/local/lib/python3.8/dist-packages/cobbler/resource.py to resource.cpython-38.pyc
byte-compiling /usr/local/lib/python3.8/dist-packages/cobbler/serializer.py to serializer.cpython-38.pyc
byte-compiling /usr/local/lib/python3.8/dist-packages/cobbler/configgen.py to configgen.cpython-38.pyc
byte-compiling /usr/local/lib/python3.8/dist-packages/cobbler/yumgen.py to yumgen.cpython-38.pyc
byte-compiling /usr/local/lib/python3.8/dist-packages/cobbler/settings.py to settings.cpython-38.pyc
byte-compiling /usr/local/lib/python3.8/dist-packages/cobbler/field_info.py to field_info.cpython-38.pyc
byte-compiling /usr/local/lib/python3.8/dist-packages/cobbler/autoinstall_manager.py to autoinstall_manager.cpython-38.pyc
byte-compiling /usr/local/lib/python3.8/dist-packages/cobbler/__init__.py to __init__.cpython-38.pyc
byte-compiling /usr/local/lib/python3.8/dist-packages/cobbler/actions/acl.py to acl.cpython-38.pyc
byte-compiling /usr/local/lib/python3.8/dist-packages/cobbler/actions/sync.py to sync.cpython-38.pyc
byte-compiling /usr/local/lib/python3.8/dist-packages/cobbler/actions/hardlink.py to hardlink.cpython-38.pyc
byte-compiling /usr/local/lib/python3.8/dist-packages/cobbler/actions/check.py to check.cpython-38.pyc
byte-compiling /usr/local/lib/python3.8/dist-packages/cobbler/actions/dlcontent.py to dlcontent.cpython-38.pyc
byte-compiling /usr/local/lib/python3.8/dist-packages/cobbler/actions/litesync.py to litesync.cpython-38.pyc
byte-compiling /usr/local/lib/python3.8/dist-packages/cobbler/actions/status.py to status.cpython-38.pyc
byte-compiling /usr/local/lib/python3.8/dist-packages/cobbler/actions/replicate.py to replicate.cpython-38.pyc
byte-compiling /usr/local/lib/python3.8/dist-packages/cobbler/actions/report.py to report.cpython-38.pyc
byte-compiling /usr/local/lib/python3.8/dist-packages/cobbler/actions/log.py to log.cpython-38.pyc
byte-compiling /usr/local/lib/python3.8/dist-packages/cobbler/actions/reposync.py to reposync.cpython-38.pyc
byte-compiling /usr/local/lib/python3.8/dist-packages/cobbler/actions/__init__.py to __init__.cpython-38.pyc
byte-compiling /usr/local/lib/python3.8/dist-packages/cobbler/actions/buildiso.py to buildiso.cpython-38.pyc
byte-compiling /usr/local/lib/python3.8/dist-packages/cobbler/api.py to api.cpython-38.pyc
byte-compiling /usr/local/lib/python3.8/dist-packages/cobbler/cobbler_collections/systems.py to systems.cpython-38.pyc
byte-compiling /usr/local/lib/python3.8/dist-packages/cobbler/cobbler_collections/images.py to images.cpython-38.pyc
byte-compiling /usr/local/lib/python3.8/dist-packages/cobbler/cobbler_collections/distros.py to distros.cpython-38.pyc
byte-compiling /usr/local/lib/python3.8/dist-packages/cobbler/cobbler_collections/mgmtclasses.py to mgmtclasses.cpython-38.pyc
byte-compiling /usr/local/lib/python3.8/dist-packages/cobbler/cobbler_collections/manager.py to manager.cpython-38.pyc
byte-compiling /usr/local/lib/python3.8/dist-packages/cobbler/cobbler_collections/repos.py to repos.cpython-38.pyc
byte-compiling /usr/local/lib/python3.8/dist-packages/cobbler/cobbler_collections/__init__.py to __init__.cpython-38.pyc
byte-compiling /usr/local/lib/python3.8/dist-packages/cobbler/cobbler_collections/packages.py to packages.cpython-38.pyc
byte-compiling /usr/local/lib/python3.8/dist-packages/cobbler/cobbler_collections/collection.py to collection.cpython-38.pyc
byte-compiling /usr/local/lib/python3.8/dist-packages/cobbler/cobbler_collections/profiles.py to profiles.cpython-38.pyc
byte-compiling /usr/local/lib/python3.8/dist-packages/cobbler/cobbler_collections/files.py to files.cpython-38.pyc
byte-compiling /usr/local/lib/python3.8/dist-packages/cobbler/templar.py to templar.cpython-38.pyc
byte-compiling /usr/local/lib/python3.8/dist-packages/cobbler/services.py to services.cpython-38.pyc
running install_data
copying bin/tftpd.py -> /usr/local/sbin
copying bin/fence_ipmitool -> /usr/local/sbin
copying build/config/apache/cobbler.conf -> /etc/apache2/conf-available
copying build/config/apache/cobbler_web.conf -> /etc/apache2/conf-available
copying autoinstall_templates/sample_esxi5.ks -> /var/lib/cobbler/templates
copying autoinstall_templates/sample_old.seed -> /var/lib/cobbler/templates
copying autoinstall_templates/sample_esxi6.ks -> /var/lib/cobbler/templates
copying autoinstall_templates/legacy.ks -> /var/lib/cobbler/templates
copying autoinstall_templates/sample_autoyast.xml -> /var/lib/cobbler/templates
copying autoinstall_templates/sample_legacy.ks -> /var/lib/cobbler/templates
copying autoinstall_templates/powerkvm.ks -> /var/lib/cobbler/templates
copying autoinstall_templates/sample_esxi7.ks -> /var/lib/cobbler/templates
copying autoinstall_templates/sample_esxi4.ks -> /var/lib/cobbler/templates
copying autoinstall_templates/esxi4-ks.cfg -> /var/lib/cobbler/templates
copying autoinstall_templates/pxerescue.ks -> /var/lib/cobbler/templates
copying autoinstall_templates/sample.seed -> /var/lib/cobbler/templates
copying autoinstall_templates/esxi5-ks.cfg -> /var/lib/cobbler/templates
copying autoinstall_templates/default.ks -> /var/lib/cobbler/templates
copying autoinstall_templates/sample.ks -> /var/lib/cobbler/templates
copying autoinstall_snippets/post_anamon -> /var/lib/cobbler/snippets
copying autoinstall_snippets/partition_select -> /var/lib/cobbler/snippets
copying autoinstall_snippets/preseed_apt_repo_config -> /var/lib/cobbler/snippets
copying autoinstall_snippets/pre_partition_select -> /var/lib/cobbler/snippets
copying autoinstall_snippets/download_config_files -> /var/lib/cobbler/snippets
copying autoinstall_snippets/autoinstall_done -> /var/lib/cobbler/snippets
copying autoinstall_snippets/cobbler_register -> /var/lib/cobbler/snippets
copying autoinstall_snippets/keep_cfengine_keys -> /var/lib/cobbler/snippets
copying autoinstall_snippets/log_ks_post -> /var/lib/cobbler/snippets
copying autoinstall_snippets/autoinstall_start -> /var/lib/cobbler/snippets
copying autoinstall_snippets/koan_environment -> /var/lib/cobbler/snippets
copying autoinstall_snippets/post_install_network_config -> /var/lib/cobbler/snippets
copying autoinstall_snippets/network_config_esxi -> /var/lib/cobbler/snippets
copying autoinstall_snippets/SuSE/hosts.xml -> /var/lib/cobbler/snippets
copying autoinstall_snippets/SuSE/networking.xml -> /var/lib/cobbler/snippets
copying autoinstall_snippets/SuSE/proxy.xml -> /var/lib/cobbler/snippets
copying autoinstall_snippets/SuSE/kdump.xml -> /var/lib/cobbler/snippets
copying autoinstall_snippets/SuSE/addons.xml -> /var/lib/cobbler/snippets
copying autoinstall_snippets/SuSE/suse_scriptwrapper.xml -> /var/lib/cobbler/snippets
copying autoinstall_snippets/main_partition_select -> /var/lib/cobbler/snippets
copying autoinstall_snippets/pre_install_network_config -> /var/lib/cobbler/snippets
copying autoinstall_snippets/download_config_files_deb -> /var/lib/cobbler/snippets
copying autoinstall_snippets/keep_rudder_uuid -> /var/lib/cobbler/snippets
copying autoinstall_snippets/log_ks_pre -> /var/lib/cobbler/snippets
copying autoinstall_snippets/keep_files -> /var/lib/cobbler/snippets
copying autoinstall_snippets/network_config_esx -> /var/lib/cobbler/snippets
copying autoinstall_snippets/keep_rudder_keys -> /var/lib/cobbler/snippets
copying autoinstall_snippets/save_boot_device -> /var/lib/cobbler/snippets
copying autoinstall_snippets/rhn_certificate_based_register -> /var/lib/cobbler/snippets
copying autoinstall_snippets/restore_boot_device -> /var/lib/cobbler/snippets
copying autoinstall_snippets/post_install_kernel_options -> /var/lib/cobbler/snippets
copying autoinstall_snippets/network_config -> /var/lib/cobbler/snippets
copying autoinstall_snippets/puppet_register_if_enabled -> /var/lib/cobbler/snippets
copying autoinstall_snippets/puppet_install_if_enabled -> /var/lib/cobbler/snippets
copying autoinstall_snippets/keep_rhn_keys -> /var/lib/cobbler/snippets
copying autoinstall_snippets/pre_anamon -> /var/lib/cobbler/snippets
copying autoinstall_snippets/keep_ssh_host_keys -> /var/lib/cobbler/snippets
copying autoinstall_snippets/log_ks_post_nochroot -> /var/lib/cobbler/snippets
copying autoinstall_snippets/post_install_network_config_deb -> /var/lib/cobbler/snippets
copying autoinstall_snippets/post_koan_add_reinstall_entry -> /var/lib/cobbler/snippets
copying autoinstall_snippets/redhat_register -> /var/lib/cobbler/snippets
copying autoinstall_snippets/post_run_deb -> /var/lib/cobbler/snippets
copying autoinstall_snippets/late_apt_repo_config -> /var/lib/cobbler/snippets
copying autoinstall_scripts/preseed_early_default -> /var/lib/cobbler/scripts
copying autoinstall_scripts/preseed_nochroot_late_default -> /var/lib/cobbler/scripts
copying autoinstall_scripts/preseed_late_default -> /var/lib/cobbler/scripts
copying config/cobbler/distro_signatures.json -> /var/lib/cobbler
copying web/cobbler.wsgi -> /usr/local/share/cobbler/web
copying web/static/cobbler.js -> /var/www/cobbler_webui_content
copying web/static/favicon.png -> /var/www/cobbler_webui_content
copying web/static/index.html -> /var/www/cobbler_webui_content
copying web/static/jsGrowl.js -> /var/www/cobbler_webui_content
copying web/static/logo-cobbler.png -> /var/www/cobbler_webui_content
copying web/static/tooltip.png -> /var/www/cobbler_webui_content
copying web/static/style.css -> /var/www/cobbler_webui_content
copying web/static/jquery.min.js -> /var/www/cobbler_webui_content
copying web/static/jsGrowl.css -> /var/www/cobbler_webui_content
copying web/static/jquery-ui.min.js -> /var/www/cobbler_webui_content
copying web/static/jsgrowl_side_hover.png -> /var/www/cobbler_webui_content
copying web/static/jquery-ui.css -> /var/www/cobbler_webui_content
copying web/static/jsGrowl_jquery.js -> /var/www/cobbler_webui_content
copying web/static/jsgrowl_close.png -> /var/www/cobbler_webui_content
copying web/static/jsgrowl_middle_hover.png -> /var/www/cobbler_webui_content
copying web/static/jsgrowl_corners.png -> /var/www/cobbler_webui_content
copying web/static/jsgrowl_corners_hover.png -> /var/www/cobbler_webui_content
copying web/static/images/ui-bg_highlight-soft_75_cccccc_1x100.png -> /var/www/cobbler_webui_content/images
copying web/static/images/ui-icons_454545_256x240.png -> /var/www/cobbler_webui_content/images
copying web/static/images/ui-bg_glass_65_ffffff_1x400.png -> /var/www/cobbler_webui_content/images
copying web/static/images/ui-bg_flat_75_ffffff_40x100.png -> /var/www/cobbler_webui_content/images
copying web/static/images/ui-bg_glass_75_e6e6e6_1x400.png -> /var/www/cobbler_webui_content/images
copying web/static/images/ui-bg_glass_95_fef1ec_1x400.png -> /var/www/cobbler_webui_content/images
copying web/static/images/ui-bg_glass_55_fbf9ee_1x400.png -> /var/www/cobbler_webui_content/images
copying web/static/images/ui-bg_glass_75_dadada_1x400.png -> /var/www/cobbler_webui_content/images
copying web/static/images/ui-icons_cd0a0a_256x240.png -> /var/www/cobbler_webui_content/images
copying web/static/images/ui-icons_222222_256x240.png -> /var/www/cobbler_webui_content/images
copying web/static/images/ui-icons_888888_256x240.png -> /var/www/cobbler_webui_content/images
copying web/static/images/ui-bg_flat_0_aaaaaa_40x100.png -> /var/www/cobbler_webui_content/images
copying web/static/images/ui-icons_2e83ff_256x240.png -> /var/www/cobbler_webui_content/images
copying scripts/settings-migration-v1-to-v2.sh -> /usr/local/share/cobbler/bin
copying scripts/mkgrub.sh -> /usr/local/share/cobbler/bin
copying web/templates/task_created.tmpl -> /usr/local/share/cobbler/web/templates
copying web/templates/import.tmpl -> /usr/local/share/cobbler/web/templates
copying web/templates/aifile_list.tmpl -> /usr/local/share/cobbler/web/templates
copying web/templates/generic_edit.tmpl -> /usr/local/share/cobbler/web/templates
copying web/templates/login.tmpl -> /usr/local/share/cobbler/web/templates
copying web/templates/eventlog.tmpl -> /usr/local/share/cobbler/web/templates
copying web/templates/paginate.tmpl -> /usr/local/share/cobbler/web/templates
copying web/templates/index.tmpl -> /usr/local/share/cobbler/web/templates
copying web/templates/error_page.tmpl -> /usr/local/share/cobbler/web/templates
copying web/templates/snippet_list.tmpl -> /usr/local/share/cobbler/web/templates
copying web/templates/snippet_edit.tmpl -> /usr/local/share/cobbler/web/templates
copying web/templates/master.tmpl -> /usr/local/share/cobbler/web/templates
copying web/templates/blank.tmpl -> /usr/local/share/cobbler/web/templates
copying web/templates/check.tmpl -> /usr/local/share/cobbler/web/templates
copying web/templates/aifile_edit.tmpl -> /usr/local/share/cobbler/web/templates
copying web/templates/filter.tmpl -> /usr/local/share/cobbler/web/templates
copying web/templates/item.tmpl -> /usr/local/share/cobbler/web/templates
copying web/templates/settings.tmpl -> /usr/local/share/cobbler/web/templates
copying web/templates/generic_list.tmpl -> /usr/local/share/cobbler/web/templates
copying web/templates/empty.tmpl -> /usr/local/share/cobbler/web/templates
copying web/templates/events.tmpl -> /usr/local/share/cobbler/web/templates
copying web/templates/enoaccess.tmpl -> /usr/local/share/cobbler/web/templates
copying misc/anamon.init -> /var/www/cobbler/misc
copying misc/anamon -> /var/www/cobbler/misc
copying build/config/apache/cobbler.conf -> /etc/cobbler
copying build/config/apache/cobbler_web.conf -> /etc/cobbler
copying build/config/service/cobblerd.service -> /etc/cobbler
copying build/config/cobbler/settings -> /etc/cobbler
copying config/cobbler/settings.d/nsupdate.settings -> /etc/cobbler/settings.d
copying config/cobbler/settings.d/manage_genders.settings -> /etc/cobbler/settings.d
copying config/cobbler/settings.d/bind_manage_ipmi.settings -> /etc/cobbler/settings.d
copying config/cobbler/auth.conf -> /etc/cobbler
copying config/cobbler/modules.conf -> /etc/cobbler
copying config/cobbler/mongodb.conf -> /etc/cobbler
copying config/cobbler/users.conf -> /etc/cobbler
copying config/cobbler/users.digest -> /etc/cobbler
copying config/cheetah/cheetah_macros -> /etc/cobbler
copying config/rotate/cobblerd_rotate -> /etc/cobbler
copying config/rsync/import_rsync_whitelist -> /etc/cobbler
copying config/rsync/rsync.exclude -> /etc/cobbler
copying config/version -> /etc/cobbler
copying templates/etc/named.template -> /etc/cobbler
copying templates/etc/genders.template -> /etc/cobbler
copying templates/etc/secondary.template -> /etc/cobbler
copying templates/etc/zone.template -> /etc/cobbler
copying templates/etc/dnsmasq.template -> /etc/cobbler
copying templates/etc/rsync.template -> /etc/cobbler
copying templates/etc/dhcp.template -> /etc/cobbler
copying templates/etc/ndjbdns.template -> /etc/cobbler
copying templates/iso/buildiso.template -> /etc/cobbler/iso
copying templates/boot_loader_conf/pxeprofile_esxi.template -> /etc/cobbler/boot_loader_conf
copying templates/boot_loader_conf/gpxe_system_local.template -> /etc/cobbler/boot_loader_conf
copying templates/boot_loader_conf/bootcfg_esxi60.template -> /etc/cobbler/boot_loader_conf
copying templates/boot_loader_conf/bootcfg_esxi65.template -> /etc/cobbler/boot_loader_conf
copying templates/boot_loader_conf/pxelocal.template -> /etc/cobbler/boot_loader_conf
copying templates/boot_loader_conf/bootcfg_esxi5.template -> /etc/cobbler/boot_loader_conf
copying templates/boot_loader_conf/gpxe_system_esxi6.template -> /etc/cobbler/boot_loader_conf
copying templates/boot_loader_conf/pxesystem_esxi.template -> /etc/cobbler/boot_loader_conf
copying templates/boot_loader_conf/gpxe_system_linux.template -> /etc/cobbler/boot_loader_conf
copying templates/boot_loader_conf/pxesystem.template -> /etc/cobbler/boot_loader_conf
copying templates/boot_loader_conf/bootcfg_esxi70.template -> /etc/cobbler/boot_loader_conf
copying templates/boot_loader_conf/gpxe_system_esxi5.template -> /etc/cobbler/boot_loader_conf
copying templates/boot_loader_conf/bootcfg_esxi67.template -> /etc/cobbler/boot_loader_conf
copying templates/boot_loader_conf/pxelocal_ia64.template -> /etc/cobbler/boot_loader_conf
copying templates/boot_loader_conf/grubprofile.template -> /etc/cobbler/boot_loader_conf
copying templates/boot_loader_conf/pxeprofile.template -> /etc/cobbler/boot_loader_conf
copying templates/boot_loader_conf/pxedefault.template -> /etc/cobbler/boot_loader_conf
copying templates/boot_loader_conf/bootcfg_esxi70u1.template -> /etc/cobbler/boot_loader_conf
copying templates/boot_loader_conf/gpxe_system_windows.template -> /etc/cobbler/boot_loader_conf
copying templates/boot_loader_conf/grubsystem.template -> /etc/cobbler/boot_loader_conf
copying templates/boot_loader_conf/gpxe_system_esxi7.template -> /etc/cobbler/boot_loader_conf
copying templates/boot_loader_conf/pxesystem_ppc.template -> /etc/cobbler/boot_loader_conf
copying templates/boot_loader_conf/gpxe_system_freebsd.template -> /etc/cobbler/boot_loader_conf
copying templates/boot_loader_conf/pxesystem_ia64.template -> /etc/cobbler/boot_loader_conf
copying templates/boot_loader_conf/bootcfg_esxi55.template -> /etc/cobbler/boot_loader_conf
copying templates/boot_loader_conf/pxesystem_arm.template -> /etc/cobbler/boot_loader_conf
copying templates/boot_loader_conf/pxeprofile_arm.template -> /etc/cobbler/boot_loader_conf
copying templates/boot_loader_conf/bootcfg_esxi51.template -> /etc/cobbler/boot_loader_conf
copying templates/boot_loader_conf/yaboot_ppc.template -> /etc/cobbler/boot_loader_conf
copying templates/boot_loader_conf/grublocal.template -> /etc/cobbler/boot_loader_conf
copying config/bash/completion/cobbler -> /usr/share/bash-completion/completions
copying config/grub/grub.cfg -> /var/lib/cobbler/grub_config
copying config/grub/README.grubconfig -> /var/lib/cobbler/grub_config
copying config/grub/grub/local_legacy.cfg -> /var/lib/cobbler/grub_config/grub
copying config/grub/grub/local_efi.cfg -> /var/lib/cobbler/grub_config/grub
copying config/grub/grub/grub.cfg -> /var/lib/cobbler/grub_config/grub
copying config/grub/grub/local_powerpc-ieee1275.cfg -> /var/lib/cobbler/grub_config/grub
copying templates/reporting/build_report_email.template -> /etc/cobbler/reporting
copying svc/services.py -> /var/www/cobbler/svc/
copying cobbler/web/settings.py -> /usr/local/share/cobbler/web/
copying templates/zone_templates/foo.example.com -> /etc/cobbler/zone_templates
copying config/cobbler/logging_config.conf -> /etc/cobbler
copying build/sphinx/man/cobbler.1 -> /usr/share/man/man1
copying build/sphinx/man/cobbler.conf.5 -> /usr/share/man/man5
copying build/sphinx/man/cobblerd.8 -> /usr/share/man/man8
copying tests/utils_test.py -> /usr/share/cobbler/tests
copying tests/conftest.py -> /usr/share/cobbler/tests
copying tests/__init__.py -> /usr/share/cobbler/tests
copying tests/cli/conftest.py -> /usr/share/cobbler/tests/cli
copying tests/cli/cobbler_cli_object_test.py -> /usr/share/cobbler/tests/cli
copying tests/cli/__init__.py -> /usr/share/cobbler/tests/cli
copying tests/cli/cobbler_cli_direct_test.py -> /usr/share/cobbler/tests/cli
copying tests/modules/__init__.py -> /usr/share/cobbler/tests/modules
copying tests/modules/authentication/pam_test.py -> /usr/share/cobbler/tests/modules/authentication
copying tests/modules/authentication/configfile_test.py -> /usr/share/cobbler/tests/modules/authentication
copying tests/modules/authentication/passthrough_test.py -> /usr/share/cobbler/tests/modules/authentication
copying tests/modules/authentication/__init__.py -> /usr/share/cobbler/tests/modules/authentication
copying tests/views/logon_view_test.py -> /usr/share/cobbler/tests/views
copying tests/views/edit_items_view_test.py -> /usr/share/cobbler/tests/views
copying tests/views/list_items_view_test.py -> /usr/share/cobbler/tests/views
copying tests/views/actions_view_test.py -> /usr/share/cobbler/tests/views
copying tests/views/conftest.py -> /usr/share/cobbler/tests/views
copying tests/views/__init__.py -> /usr/share/cobbler/tests/views
copying tests/xmlrpcapi/file_test.py -> /usr/share/cobbler/tests/xmlrpcapi
copying tests/xmlrpcapi/non_object_calls_test.py -> /usr/share/cobbler/tests/xmlrpcapi
copying tests/xmlrpcapi/mgmt_class_test.py -> /usr/share/cobbler/tests/xmlrpcapi
copying tests/xmlrpcapi/miscellaneous_test.py -> /usr/share/cobbler/tests/xmlrpcapi
copying tests/xmlrpcapi/background_test.py -> /usr/share/cobbler/tests/xmlrpcapi
copying tests/xmlrpcapi/image_test.py -> /usr/share/cobbler/tests/xmlrpcapi
copying tests/xmlrpcapi/conftest.py -> /usr/share/cobbler/tests/xmlrpcapi
copying tests/xmlrpcapi/__init__.py -> /usr/share/cobbler/tests/xmlrpcapi
copying tests/xmlrpcapi/package_test.py -> /usr/share/cobbler/tests/xmlrpcapi
copying tests/xmlrpcapi/repo_test.py -> /usr/share/cobbler/tests/xmlrpcapi
copying tests/xmlrpcapi/distro_profile_system_test.py -> /usr/share/cobbler/tests/xmlrpcapi
running install_egg_info
running egg_info
writing cobbler.egg-info/PKG-INFO
writing dependency_links to cobbler.egg-info/dependency_links.txt
writing requirements to cobbler.egg-info/requires.txt
writing top-level names to cobbler.egg-info/top_level.txt
reading manifest file 'cobbler.egg-info/SOURCES.txt'
reading manifest template 'MANIFEST.in'
warning: no files found matching 'AUTHORS'
writing manifest file 'cobbler.egg-info/SOURCES.txt'
removing '/usr/local/lib/python3.8/dist-packages/cobbler-3.2.0.egg-info' (and everything under it)
Copying cobbler.egg-info to /usr/local/lib/python3.8/dist-packages/cobbler-3.2.0.egg-info
running install_scripts
copying build/scripts-3.8/cobblerd -> /usr/local/bin
copying build/scripts-3.8/cobbler-ext-nodes -> /usr/local/bin
copying build/scripts-3.8/cobbler -> /usr/local/bin
changing mode of /usr/local/bin/cobblerd to 755
changing mode of /usr/local/bin/cobbler-ext-nodes to 755
changing mode of /usr/local/bin/cobbler to 755
